<?xml version="1.0" encoding="UTF-8"?>
<!-- Generated by org.testng.reporters.JUnitReportReporter -->
<testsuite hostname="Parags-MacBook-Pro.local" failures="0" tests="1" name="com.automation.framework.baseRunner" time="0.013" errors="0" timestamp="2024-03-30T09:29:01 IST" skipped="0">
  <testcase classname="com.automation.framework.baseRunner" name="testMethod" time="0.013"/>
  <system-out/>
</testsuite> <!-- com.automation.framework.baseRunner -->
